[debug] [2022-06-16T19:17:10.057Z] ----------------------------------------------------------------------
[debug] [2022-06-16T19:17:10.058Z] Command:       C:\Program Files\nodejs\node.exe C:\Users\bipla\AppData\Roaming\npm\node_modules\firebase-tools\lib\bin\firebase.js init
[debug] [2022-06-16T19:17:10.059Z] CLI Version:   11.1.0
[debug] [2022-06-16T19:17:10.059Z] Platform:      win32
[debug] [2022-06-16T19:17:10.059Z] Node Version:  v16.14.0
[debug] [2022-06-16T19:17:10.060Z] Time:          Fri Jun 17 2022 00:47:10 GMT+0530 (India Standard Time)
[debug] [2022-06-16T19:17:10.060Z] ----------------------------------------------------------------------
[debug] 
[debug] [2022-06-16T19:17:10.108Z] > command requires scopes: ["email","openid","https://www.googleapis.com/auth/cloudplatformprojects.readonly","https://www.googleapis.com/auth/firebase","https://www.googleapis.com/auth/cloud-platform"]
[debug] [2022-06-16T19:17:10.108Z] > authorizing via signed-in user (biplabps2@gmail.com)
[info] 
     ######## #### ########  ######## ########     ###     ######  ########
     ##        ##  ##     ## ##       ##     ##  ##   ##  ##       ##
     ######    ##  ########  ######   ########  #########  ######  ######
     ##        ##  ##    ##  ##       ##     ## ##     ##       ## ##
     ##       #### ##     ## ######## ########  ##     ##  ######  ########

You're about to initialize a Firebase project in this directory:

  C:\Users\bipla\FYP\Frontend

Before we get started, keep in mind:

  * You are initializing within an existing Firebase project directory

